Le symptome : constricted pupils  a une fréquence de : 3
Le symptome : fever  a une fréquence de : 7
Le symptome : stiff neck  a une fréquence de : 4
Le symptome : cough  a une fréquence de : 6
Le symptome : low blood pressure  a une fréquence de : 4
Le symptome : shortness of breath  a une fréquence de : 3
Le symptome : inflamation  a une fréquence de : 7
Le symptome : water retention  a une fréquence de : 1
Le symptome : dialated pupils  a une fréquence de : 4
Le symptome : stomach pain  a une fréquence de : 3
Le symptome : tremor  a une fréquence de : 4
Le symptome : dizziness  a une fréquence de : 5
Le symptome : blindness  a une fréquence de : 1
Le symptome : insomnia  a une fréquence de : 4
Le symptome : nausea  a une fréquence de : 5
Le symptome : rapid heart rate  a une fréquence de : 1
Le symptome : dry mouth  a une fréquence de : 8
Le symptome : COvid  a une fréquence de : 1
Le symptome : anxiety  a une fréquence de : 5
Le symptome : rash  a une fréquence de : 4
Le symptome : kangourou  a une fréquence de : 1
Le symptome : arrhythmias  a une fréquence de : 3
Le symptome : high blood pressure  a une fréquence de : 10
Le symptome : headache  a une fréquence de : 3
Le symptome : blurred vision  a une fréquence de : 5
